2025-06-26 00:41:31,862 - INFO - ============================================================
2025-06-26 00:41:31,862 - INFO - 🚀 開始執行美容店家搜尋程式
2025-06-26 00:41:31,862 - INFO - 📁 Log 檔案：logs/beauty_scraper_20250626_004131.log
2025-06-26 00:41:31,862 - INFO - ============================================================
2025-06-26 00:41:31,862 - INFO - 🎯 擴大搜尋策略啟用
2025-06-26 00:41:31,862 - INFO - 📏 搜尋半徑：12000 公尺
2025-06-26 00:41:31,862 - INFO - 📊 總共需要搜尋 45 個行政區
2025-06-26 00:41:31,871 - INFO - ⚡ 預估API請求次數：900 次 (為了更多店家)
2025-06-26 00:41:31,871 - INFO - 🔍 開始搜尋區域：台南市 中西區 (1/45)
2025-06-26 00:41:31,873 - INFO -    🔎 擴大搜尋策略啟用
2025-06-26 00:41:31,874 - INFO -    📍 搜尋中心：中西區, 台南市 (22.9912,120.2020)
2025-06-26 00:41:40,155 - INFO -       ❌ 排除不相關店家：Hedda art space 台南安南區美甲/安南區美甲/永康美甲/北區美甲/深夜美甲/台南美甲工作室/安南區凝膠指甲/安南區手足保養/安南區美甲推薦/安南區暈染美甲/安南區美甲店/安南區睫毛管理/安南區手足保養
2025-06-26 00:41:40,155 - INFO -       ❌ 排除不相關店家：台南永康美甲.Meow² nail studio- 仁德永康深夜美甲 台南客製化美甲｜平價美甲｜學生美甲 ｜永康區美甲｜造型美甲
2025-06-26 00:41:40,155 - INFO -       ❌ 排除不相關店家：台南美甲公主星球美學PPNAIL|精緻美甲美睫|深層護理|北區美甲|永康美甲|中西區美甲|東區美甲|24H美甲
2025-06-26 00:41:40,155 - INFO -       ❌ 排除不相關店家：HP Nail 美甲工作室｜台南美甲、手繪花磚、應援甲、摳咬甲矯正
2025-06-26 00:41:40,155 - INFO -       ❌ 排除不相關店家：EMO?餐酒.美髮.美甲＿台南北區 餐廳酒吧
2025-06-26 00:41:40,155 - INFO -       ❌ 排除不相關店家：你好敝姓艾美甲工作室
2025-06-26 00:41:40,155 - INFO -       ❌ 排除不相關店家：OH2 studio 台南美甲美睫紋綉
2025-06-26 00:41:40,155 - INFO -       ❌ 排除不相關店家：台南美甲台南美睫 菩蕾蒂美學空間Pretty Art Space
2025-06-26 00:41:40,155 - INFO -       ❌ 排除不相關店家：A10 studio® 台南美甲
2025-06-26 00:41:40,164 - INFO -       ❌ 排除不相關店家：Kumo&Shiroi美睫美甲工作室
2025-06-26 00:41:40,166 - INFO -       ❌ 排除不相關店家：珍珍美學（美甲/美容/翹睫）
2025-06-26 00:41:40,166 - INFO -       ❌ 排除不相關店家：Ice美學_美甲/美睫/除毛/紋綉/專業課程教學
2025-06-26 00:41:40,167 - INFO -       ❌ 排除不相關店家：WE MEET studio 美甲沙龍
2025-06-26 00:41:40,168 - INFO -       ❌ 排除不相關店家：維多莉亞美甲美學
2025-06-26 00:41:40,168 - INFO -       ❌ 排除不相關店家：斯朵利美甲美學概念館(台南金華館)
2025-06-26 00:41:40,170 - INFO -       ❌ 排除不相關店家：Miruru nail studio-台南美甲-安平區美甲、凝膠美甲、手足保養、咬甲矯正、霧眉（完全預約制）
2025-06-26 00:41:40,171 - INFO -       ❌ 排除不相關店家：台南東區美甲 cezanne納塞尚美甲美學 手足保養
2025-06-26 00:41:40,172 - INFO -       ❌ 排除不相關店家：斯朵利美甲美學概念館(台南中山南店)
2025-06-26 00:41:40,173 - INFO -       ❌ 排除不相關店家：O.range Nail Studio 橙子美甲
2025-06-26 00:41:40,175 - INFO -       ❌ 排除不相關店家：JANE’S NEKO NAIL WORLD美甲工作室
2025-06-26 00:41:40,176 - INFO -       ❌ 排除不相關店家：芮塔美甲藝術沙龍Rita nail/咬甲救星/BS貼片崁甲卷甲調整
2025-06-26 00:41:40,177 - INFO -       ❌ 排除不相關店家：日葵花美學 台南美甲/安南區美甲/霧眉/手足部保養/足底柔嫩
2025-06-26 00:41:40,178 - INFO -       ❌ 排除不相關店家：瑪虹美甲工作室
2025-06-26 00:41:40,179 - INFO -       ❌ 排除不相關店家：S's nail studio 美甲設計/補運/占卜/寵物溝通
2025-06-26 00:41:40,181 - INFO -       ❌ 排除不相關店家：台南新市原我美學空間
2025-06-26 00:41:40,182 - INFO -       ❌ 排除不相關店家：伊芙妮美學館（美甲美睫紋繡）
2025-06-26 00:41:40,183 - INFO -       ❌ 排除不相關店家：療寓 T.H Nail Salon 台南永康美甲沙龍
2025-06-26 00:41:40,184 - INFO -       ❌ 排除不相關店家：Mia studio 霧眉 霧唇 美甲 美睫
2025-06-26 00:41:40,185 - INFO -       ❌ 排除不相關店家：悄青指藝美學/冰肌除毛/采耳/美睫/美甲
2025-06-26 00:41:40,186 - INFO -       ❌ 排除不相關店家：Chiao nails studio/台南美甲
2025-06-26 00:41:40,187 - INFO -       ❌ 排除不相關店家：艾咪亞藝術美學-(造型美甲/手部保養）
2025-06-26 00:41:40,188 - INFO -       ❌ 排除不相關店家：Ｍayer 梅而-美甲沙龍
2025-06-26 00:41:40,189 - INFO -       ❌ 排除不相關店家：Aileen’s nail studio光療凝膠美甲
2025-06-26 00:41:40,190 - INFO -       ❌ 排除不相關店家：一起美甲吧17 nail studio指甲彩繪/穿戴甲訂製/手足保養
2025-06-26 00:41:40,192 - INFO -       ❌ 排除不相關店家：atie nail studio / 台南美甲
2025-06-26 00:41:40,193 - INFO -       ❌ 排除不相關店家：仙女飄飄時尚美學 - 臨安店｜台南美睫美甲霧眉、美容紋繡推薦
2025-06-26 00:41:40,195 - INFO -       關鍵字 '美甲' (Text): 原始 60 → 地理過濾 60 → 相關性過濾 24 筆
2025-06-26 00:41:48,736 - INFO -       ❌ 排除不相關店家：Hedda art space 台南安南區美甲/安南區美甲/永康美甲/北區美甲/深夜美甲/台南美甲工作室/安南區凝膠指甲/安南區手足保養/安南區美甲推薦/安南區暈染美甲/安南區美甲店/安南區睫毛管理/安南區手足保養
2025-06-26 00:41:48,738 - INFO -       ❌ 排除不相關店家：台南永康美甲.Meow² nail studio- 仁德永康深夜美甲 台南客製化美甲｜平價美甲｜學生美甲 ｜永康區美甲｜造型美甲
2025-06-26 00:41:48,738 - INFO -       ❌ 排除不相關店家：台南美甲公主星球美學PPNAIL|精緻美甲美睫|深層護理|北區美甲|永康美甲|中西區美甲|東區美甲|24H美甲
2025-06-26 00:41:48,740 - INFO -       ❌ 排除不相關店家：HP Nail 美甲工作室｜台南美甲、手繪花磚、應援甲、摳咬甲矯正
2025-06-26 00:41:48,740 - INFO -       ❌ 排除不相關店家：EMO?餐酒.美髮.美甲＿台南北區 餐廳酒吧
2025-06-26 00:41:48,740 - INFO -       ❌ 排除不相關店家：你好敝姓艾美甲工作室
2025-06-26 00:41:48,742 - INFO -       ❌ 排除不相關店家：OH2 studio 台南美甲美睫紋綉
2025-06-26 00:41:48,742 - INFO -       ❌ 排除不相關店家：台南美甲台南美睫 菩蕾蒂美學空間Pretty Art Space
2025-06-26 00:41:48,742 - INFO -       ❌ 排除不相關店家：A10 studio® 台南美甲
2025-06-26 00:41:48,745 - INFO -       ❌ 排除不相關店家：Kumo&Shiroi美睫美甲工作室
2025-06-26 00:41:48,746 - INFO -       ❌ 排除不相關店家：珍珍美學（美甲/美容/翹睫）
2025-06-26 00:41:48,747 - INFO -       ❌ 排除不相關店家：Ice美學_美甲/美睫/除毛/紋綉/專業課程教學
2025-06-26 00:41:48,748 - INFO -       ❌ 排除不相關店家：WE MEET studio 美甲沙龍
2025-06-26 00:41:48,749 - INFO -       ❌ 排除不相關店家：維多莉亞美甲美學
2025-06-26 00:41:48,751 - INFO -       ❌ 排除不相關店家：Dodo nail 嘟嘟美甲工作室-暈染|小清新|居家美甲|美睫|預約制|台南北區|成大
2025-06-26 00:41:48,753 - INFO -       ❌ 排除不相關店家：Ashley愛希里(東區裕農店)美甲美睫沙龍/台南美甲/美睫/除毛/紋繡/精油紓壓/美甲教學
2025-06-26 00:41:48,754 - INFO -       ❌ 排除不相關店家：Ｍayer 梅而-美甲沙龍
2025-06-26 00:41:48,755 - INFO -       ❌ 排除不相關店家：一起美甲吧17 nail studio指甲彩繪/穿戴甲訂製/手足保養
2025-06-26 00:41:48,756 - INFO -       ❌ 排除不相關店家：甲楚楚美甲Jiachuchu Nail Salon-台南美甲(台南中西區美甲店推薦／台南美甲教學推薦／台南水晶指甲推薦／暈染美甲／日系美甲／時尚凝膠美甲／手足保養／咬指甲卷甲矯正／問題指甲崁甲處理)
2025-06-26 00:41:48,757 - INFO -       ❌ 排除不相關店家：悄青指藝美學/冰肌除毛/采耳/美睫/美甲
2025-06-26 00:41:48,758 - INFO -       ❌ 排除不相關店家：關於我們About Woman/ 啡的美甲工作室
2025-06-26 00:41:48,760 - INFO -       ❌ 排除不相關店家：芮塔美甲藝術沙龍Rita nail/咬甲救星/BS貼片崁甲卷甲調整
2025-06-26 00:41:48,761 - INFO -       ❌ 排除不相關店家：艾薇美甲藝術沙龍
2025-06-26 00:41:48,762 - INFO -       ❌ 排除不相關店家：艾拉美學 問題甲專門店 | 凍甲 | 卷甲 | 問題指甲 | 指甲矯正 | 修指甲 | 手足保養
2025-06-26 00:41:48,764 - INFO -       ❌ 排除不相關店家：S's nail studio 美甲設計/補運/占卜/寵物溝通
2025-06-26 00:41:48,764 - INFO -       ❌ 排除不相關店家：台南新市原我美學空間
2025-06-26 00:41:48,769 - INFO -       ❌ 排除不相關店家：伊芙妮美學館（美甲美睫紋繡）
2025-06-26 00:41:48,771 - INFO -       ❌ 排除不相關店家：台南東區美甲 cezanne納塞尚美甲美學 手足保養
2025-06-26 00:41:48,771 - INFO -       ❌ 排除不相關店家：療寓 T.H Nail Salon 台南永康美甲沙龍
2025-06-26 00:41:48,774 - INFO -       ❌ 排除不相關店家：Mia studio 霧眉 霧唇 美甲 美睫
2025-06-26 00:41:48,774 - INFO -       ❌ 排除不相關店家：Chiao nails studio/台南美甲
2025-06-26 00:41:48,774 - INFO -       ❌ 排除不相關店家：艾咪亞藝術美學-(造型美甲/手部保養）
2025-06-26 00:41:48,777 - INFO -       ❌ 排除不相關店家：Miruru nail studio-台南美甲-安平區美甲、凝膠美甲、手足保養、咬甲矯正、霧眉（完全預約制）
2025-06-26 00:41:48,777 - INFO -       ❌ 排除不相關店家：斯朵利美甲美學概念館(台南金華館)
2025-06-26 00:41:48,780 - INFO -       ❌ 排除不相關店家：O.range Nail Studio 橙子美甲
2025-06-26 00:41:48,781 - INFO -       關鍵字 '美甲' (Nearby): 原始 60 → 地理過濾 60 → 相關性過濾 25 筆
2025-06-26 00:41:57,423 - INFO -       ❌ 排除不相關店家：Flowers Nail花甲藝術美學 -雜誌凝膠美甲｜人氣手足護理｜延甲｜美睫推薦｜韓式紋繡
2025-06-26 00:41:57,423 - INFO -       ❌ 排除不相關店家：台南永康美甲.Meow² nail studio- 仁德永康深夜美甲 台南客製化美甲｜平價美甲｜學生美甲 ｜永康區美甲｜造型美甲
2025-06-26 00:41:57,424 - INFO -       ❌ 排除不相關店家：JING愛甲工作室-永康店/美甲/大灣/永康/新化/南科/崑山大學/推薦店家/作指甲/手足保養/修指甲
2025-06-26 00:41:57,424 - INFO -       ❌ 排除不相關店家：十指仙仙｜ten fingers nail安南區美甲｜高級美甲沙龍/美甲教學（預約制每個時段都有專屬顧客請提前預約｜預約完成提供完整地址）
2025-06-26 00:41:57,425 - INFO -       ❌ 排除不相關店家：台南東區美甲花薇美學 Femme Nails
2025-06-26 00:41:57,426 - INFO -       ❌ 排除不相關店家：台南美甲公主星球美學PPNAIL|精緻美甲美睫|深層護理|北區美甲|永康美甲|中西區美甲|東區美甲|24H美甲
2025-06-26 00:41:57,427 - INFO -       ❌ 排除不相關店家：Aileen’s nail studio光療凝膠美甲
2025-06-26 00:41:57,428 - INFO -       ❌ 排除不相關店家：維多莉亞美甲美學
2025-06-26 00:41:57,428 - INFO -       ❌ 排除不相關店家：台南東區美甲 cezanne納塞尚美甲美學 手足保養
2025-06-26 00:41:57,429 - INFO -       ❌ 排除不相關店家：芮塔美甲藝術沙龍Rita nail/咬甲救星/BS貼片崁甲卷甲調整
2025-06-26 00:41:57,430 - INFO -       ❌ 排除不相關店家：你好敝姓艾美甲工作室
2025-06-26 00:41:57,430 - INFO -       ❌ 排除不相關店家：日葵花美學 台南美甲/安南區美甲/霧眉/手足部保養/足底柔嫩
2025-06-26 00:41:57,431 - INFO -       ❌ 排除不相關店家：Mirpop Beauty 米爾浿美學｜台南美甲推薦｜永康美甲｜美甲教學推薦｜深夜美學｜日式美睫｜韓式粉霧眉｜粉嫩術｜瘦身體雕｜韓式皮膚管理
2025-06-26 00:41:57,432 - INFO -       ❌ 排除不相關店家：Sabina美甲工作室 台南凝膠美甲.美甲彩繪設計｜手部護理.手部保養｜中西區美甲工作室
2025-06-26 00:41:57,433 - INFO -       ❌ 排除不相關店家：OH2 studio 台南美甲美睫紋綉
2025-06-26 00:41:57,433 - INFO -       ❌ 排除不相關店家：熹比美學 美甲美睫 SYBI 新市店/南科/善化/新化/歸仁/推薦店家/做指甲/接睫毛/種睫毛/植睫毛/手足保養/創業教學
2025-06-26 00:41:57,435 - INFO -       ❌ 排除不相關店家：亞樣美學館東區總店
2025-06-26 00:41:57,436 - INFO -       ❌ 排除不相關店家：台南美甲Ginga Salon指匠藝術美學
2025-06-26 00:41:57,436 - INFO -       ❌ 排除不相關店家：芙櫻生活美學-台南/安南區/凝膠光療美甲/手足保養/問題指甲矯正/穿戴甲販售/角蛋白毛流調整
2025-06-26 00:41:57,437 - INFO -       ❌ 排除不相關店家：Qin nail美甲美學
2025-06-26 00:41:57,438 - INFO -       ❌ 排除不相關店家：Ms.Fei翊妃美學-Lin Nails Studio
2025-06-26 00:41:57,438 - INFO -       ❌ 排除不相關店家：台南永康美甲LANA.STUDIO
2025-06-26 00:41:57,439 - INFO -       ❌ 排除不相關店家：Bobo美甲美學館
2025-06-26 00:41:57,439 - INFO -       ❌ 排除不相關店家：LadyHill南區專業美甲美學(預約點選官方line選單）
2025-06-26 00:41:57,439 - INFO -       ❌ 排除不相關店家：仙女飄飄時尚美學 - 臨安店｜台南美睫美甲霧眉、美容紋繡推薦
2025-06-26 00:41:57,440 - INFO -       ❌ 排除不相關店家：水創意美學 歸仁美甲美睫美容
2025-06-26 00:41:57,441 - INFO -       ❌ 排除不相關店家：E-ru studio
2025-06-26 00:41:57,441 - INFO -       ❌ 排除不相關店家：尤美美學
2025-06-26 00:41:57,441 - INFO -       關鍵字 '光療指甲' (Text): 原始 60 → 地理過濾 60 → 相關性過濾 32 筆
2025-06-26 00:42:05,839 - INFO -       ❌ 排除不相關店家：Flowers Nail花甲藝術美學 -雜誌凝膠美甲｜人氣手足護理｜延甲｜美睫推薦｜韓式紋繡
2025-06-26 00:42:05,840 - INFO -       ❌ 排除不相關店家：台南永康美甲.Meow² nail studio- 仁德永康深夜美甲 台南客製化美甲｜平價美甲｜學生美甲 ｜永康區美甲｜造型美甲
2025-06-26 00:42:05,841 - INFO -       ❌ 排除不相關店家：JING愛甲工作室-永康店/美甲/大灣/永康/新化/南科/崑山大學/推薦店家/作指甲/手足保養/修指甲
2025-06-26 00:42:05,842 - INFO -       ❌ 排除不相關店家：十指仙仙｜ten fingers nail安南區美甲｜高級美甲沙龍/美甲教學（預約制每個時段都有專屬顧客請提前預約｜預約完成提供完整地址）
2025-06-26 00:42:05,842 - INFO -       ❌ 排除不相關店家：台南東區美甲花薇美學 Femme Nails
2025-06-26 00:42:05,843 - INFO -       ❌ 排除不相關店家：台南美甲公主星球美學PPNAIL|精緻美甲美睫|深層護理|北區美甲|永康美甲|中西區美甲|東區美甲|24H美甲
2025-06-26 00:42:05,844 - INFO -       ❌ 排除不相關店家：Aileen’s nail studio光療凝膠美甲
2025-06-26 00:42:05,844 - INFO -       ❌ 排除不相關店家：維多莉亞美甲美學
2025-06-26 00:42:05,845 - INFO -       ❌ 排除不相關店家：台南東區美甲 cezanne納塞尚美甲美學 手足保養
2025-06-26 00:42:05,845 - INFO -       ❌ 排除不相關店家：芮塔美甲藝術沙龍Rita nail/咬甲救星/BS貼片崁甲卷甲調整
2025-06-26 00:42:05,846 - INFO -       ❌ 排除不相關店家：你好敝姓艾美甲工作室
2025-06-26 00:42:05,847 - INFO -       ❌ 排除不相關店家：日葵花美學 台南美甲/安南區美甲/霧眉/手足部保養/足底柔嫩
2025-06-26 00:42:05,848 - INFO -       ❌ 排除不相關店家：Mirpop Beauty 米爾浿美學｜台南美甲推薦｜永康美甲｜美甲教學推薦｜深夜美學｜日式美睫｜韓式粉霧眉｜粉嫩術｜瘦身體雕｜韓式皮膚管理
2025-06-26 00:42:05,849 - INFO -       ❌ 排除不相關店家：Sabina美甲工作室 台南凝膠美甲.美甲彩繪設計｜手部護理.手部保養｜中西區美甲工作室
2025-06-26 00:42:05,850 - INFO -       ❌ 排除不相關店家：OH2 studio 台南美甲美睫紋綉
2025-06-26 00:42:05,850 - INFO -       ❌ 排除不相關店家：熹比美學 美甲美睫 SYBI 新市店/南科/善化/新化/歸仁/推薦店家/做指甲/接睫毛/種睫毛/植睫毛/手足保養/創業教學
2025-06-26 00:42:05,851 - INFO -       ❌ 排除不相關店家：亞樣美學館東區總店
2025-06-26 00:42:05,852 - INFO -       ❌ 排除不相關店家：台南美甲Ginga Salon指匠藝術美學
2025-06-26 00:42:05,852 - INFO -       ❌ 排除不相關店家：芙櫻生活美學-台南/安南區/凝膠光療美甲/手足保養/問題指甲矯正/穿戴甲販售/角蛋白毛流調整
2025-06-26 00:42:05,852 - INFO -       ❌ 排除不相關店家：Qin nail美甲美學
2025-06-26 00:42:05,855 - INFO -       ❌ 排除不相關店家：Ms.Fei翊妃美學-Lin Nails Studio
2025-06-26 00:42:05,856 - INFO -       ❌ 排除不相關店家：台南永康美甲LANA.STUDIO
2025-06-26 00:42:05,857 - INFO -       ❌ 排除不相關店家：Bobo美甲美學館
2025-06-26 00:42:05,858 - INFO -       ❌ 排除不相關店家：LadyHill南區專業美甲美學(預約點選官方line選單）
2025-06-26 00:42:05,859 - INFO -       ❌ 排除不相關店家：仙女飄飄時尚美學 - 臨安店｜台南美睫美甲霧眉、美容紋繡推薦
2025-06-26 00:42:05,859 - INFO -       ❌ 排除不相關店家：水創意美學 歸仁美甲美睫美容
2025-06-26 00:42:05,860 - INFO -       ❌ 排除不相關店家：E-ru studio
2025-06-26 00:42:05,861 - INFO -       ❌ 排除不相關店家：尤美美學
2025-06-26 00:42:05,862 - INFO -       關鍵字 '光療指甲' (Nearby): 原始 60 → 地理過濾 60 → 相關性過濾 32 筆
